<?xml version="1.0" encoding="UTF-8"?>
<!-- Generated by org.testng.reporters.JUnitReportReporter -->
<testsuite hostname="LAPTOP-O93SABU5" failures="0" tests="3" name="com.selenium.testNg.SuiteExample" time="6.437" errors="0" timestamp="2024-04-20T17:56:12 IST" skipped="0">
  <testcase classname="com.selenium.testNg.SuiteExample" name="openAmazon" time="2.793"/>
  <system-out/>
  <testcase classname="com.selenium.testNg.SuiteExample" name="openFacebook" time="1.256"/>
  <system-out/>
  <testcase classname="com.selenium.testNg.SuiteExample" name="openGoogle" time="2.388"/>
  <system-out/>
</testsuite> <!-- com.selenium.testNg.SuiteExample -->
